Arguments: 
  /snap/node/6800/bin/node /home/francis/.yarn/bin/yarn.js add cookie-parser

PATH: 
  /home/francis/.yarn/bin:/home/francis/.config/yarn/global/node_modules/.bin:/usr/local/sbin:/usr/local/bin:/usr/sbin:/usr/bin:/sbin:/bin:/usr/games:/usr/local/games:/snap/bin:/home/francis/.npm-global/bin~:/home/francis/.npm-global/bin:/home/francis/gs-venv/bin

Yarn version: 
  1.22.19

Node version: 
  16.18.0

Platform: 
  linux x64

Trace: 
  Error: getaddrinfo EAI_AGAIN registry.npmjs.org
      at GetAddrInfoReqWrap.onlookup [as oncomplete] (node:dns:109:26)

npm manifest: 
  {
    "name": "paypal",
    "version": "1.0.0",
    "description": "daraja api",
    "main": "index.js",
    "scripts": {
      "nodemon": "nodemon node_modules/index"
    },
    "keywords": [
      "mpesa",
      "api",
      "mongooose",
      "nodemon"
    ],
    "author": "francis mwaniki",
    "license": "ISC",
    "devDependencies": {
      "nodemon": "^2.0.20"
    },
    "dependencies": {
      "@types/request": "^2.48.8",
      "mongoose": "^6.6.5",
      "request": "^2.88.2",
      "bcryptjs": "^2.4.3",
      "body-parser": "^1.20.0",
      "cors": "^2.8.5",
      "dotenv": "^16.0.1",
      "express": "^4.18.1",
      "express-validator": "^6.14.0",
      "joi": "^17.6.0",
      "jsonwebtoken": "^8.5.1",
      "unirest": "^0.6.0"
    }
  }

yarn manifest: 
  No manifest

Lockfile: 
  No lockfile
